Using pre-set license
Built from '2020.3/staging' branch; Version is '2020.3.3f1 (76626098c1c4) revision 7758432'; Using compiler version '192528614'; Build Type 'Release'
OS: 'Windows 10 Home Single Language; OS build 19043.1466; Version 2009; 64bit' Language: 'ru' Physical Memory: 8067 MB
BatchMode: 1, IsHumanControllingUs: 0, StartBugReporterOnCrash: 0, Is64bit: 1, IsPro: 0

 COMMAND LINE ARGUMENTS:
D:\Programs\UnityEditor\2020.3.3f1\Editor\Unity.exe
-adb2
-batchMode
-noUpm
-name
AssetImportWorker0
-projectPath
E:/Unity/Projects/CasinoTest
-logFile
Logs/AssetImportWorker0.log
-srvPort
56836
Successfully changed project path to: E:/Unity/Projects/CasinoTest
E:/Unity/Projects/CasinoTest
Using Asset Import Pipeline V2.
Refreshing native plugins compatible for Editor in 51.66 ms, found 1 plugins.
Preloading 0 native plugins for Editor in 0.00 ms.
Initialize engine version: 2020.3.3f1 (76626098c1c4)
[Subsystems] Discovering subsystems at path D:/Programs/UnityEditor/2020.3.3f1/Editor/Data/Resources/UnitySubsystems
[Subsystems] Discovering subsystems at path E:/Unity/Projects/CasinoTest/Assets
GfxDevice: creating device client; threaded=0
Direct3D:
    Version:  Direct3D 11.0 [level 11.1]
    Renderer: Intel(R) HD Graphics 630 (ID=0x591b)
    Vendor:   
    VRAM:     4033 MB
    Driver:   27.20.100.8681
Initialize mono
Mono path[0] = 'D:/Programs/UnityEditor/2020.3.3f1/Editor/Data/Managed'
Mono path[1] = 'D:/Programs/UnityEditor/2020.3.3f1/Editor/Data/MonoBleedingEdge/lib/mono/unityjit'
Mono config path = 'D:/Programs/UnityEditor/2020.3.3f1/Editor/Data/MonoBleedingEdge/etc'
Using monoOptions --debugger-agent=transport=dt_socket,embedding=1,server=y,suspend=n,address=127.0.0.1:56328
Begin MonoManager ReloadAssembly
Registering precompiled unity dll's ...
Register platform support module: D:/Programs/UnityEditor/2020.3.3f1/Editor/Data/PlaybackEngines/WindowsStandaloneSupport/UnityEditor.WindowsStandalone.Extensions.dll
Registered in 0.001108 seconds.
Native extension for WindowsStandalone target not found
Refreshing native plugins compatible for Editor in 41.89 ms, found 1 plugins.
Preloading 0 native plugins for Editor in 0.00 ms.
Invoked RoslynAnalysisRunner static constructor.
RoslynAnalysisRunner will not be running.
RoslynAnalysisRunner has terminated.
Mono: successfully reloaded assembly
- Completed reload, in  1.939 seconds
Platform modules already initialized, skipping
Registering precompiled user dll's ...
Registered in 0.000794 seconds.
Begin MonoManager ReloadAssembly
Native extension for WindowsStandalone target not found
Refreshing native plugins compatible for Editor in 40.77 ms, found 1 plugins.
Preloading 0 native plugins for Editor in 0.00 ms.
Invoked RoslynAnalysisRunner static constructor.
RoslynAnalysisRunner will not be running.
RoslynAnalysisRunner has terminated.
Mono: successfully reloaded assembly
- Completed reload, in  1.102 seconds
Platform modules already initialized, skipping
========================================================================
Worker process is ready to serve import requests
Launched and connected shader compiler UnityShaderCompiler.exe after 0.06 seconds
Refreshing native plugins compatible for Editor in 0.48 ms, found 1 plugins.
Preloading 0 native plugins for Editor in 0.00 ms.
Unloading 1917 Unused Serialized files (Serialized files now loaded: 0)
System memory in use before: 87.7 MB.
System memory in use after: 87.8 MB.

Unloading 32 unused Assets to reduce memory usage. Loaded Objects now: 2351.
Total: 4.692800 ms (FindLiveObjects: 1.087500 ms CreateObjectMapping: 0.201700 ms MarkObjects: 3.280700 ms  DeleteObjects: 0.121000 ms)

========================================================================
Received Import Request.
  path: Assets/Scripts/ScreenControllerBase.cs
  artifactKey: Guid(c57dc2d0d66ec6141a26a3b3d720c9d4) Importer(815301076,1909f56bfc062723c751e8b465ee728b)
Start importing Assets/Scripts/ScreenControllerBase.cs using Guid(c57dc2d0d66ec6141a26a3b3d720c9d4) Importer(815301076,1909f56bfc062723c751e8b465ee728b)  -> (artifact id: '5633d5905a63fc2045bba46820ec8e1d') in 0.080178 seconds
  Import took 0.086313 seconds .

========================================================================
Received Import Request.
  Time since last request: 0.094540 seconds.
  path: Assets/Scripts/Game/SlotLine.cs
  artifactKey: Guid(ace7394995294804a9db639d6c786f57) Importer(815301076,1909f56bfc062723c751e8b465ee728b)
Start importing Assets/Scripts/Game/SlotLine.cs using Guid(ace7394995294804a9db639d6c786f57) Importer(815301076,1909f56bfc062723c751e8b465ee728b)  -> (artifact id: '3dcf34a643c310ba75620e9ff15724d6') in 0.017789 seconds
  Import took 0.027790 seconds .

========================================================================
Received Import Request.
  Time since last request: 0.005058 seconds.
  path: Assets/Scripts/Game
  artifactKey: Guid(0bbe1938380df484f94e14c023eed93f) Importer(815301076,1909f56bfc062723c751e8b465ee728b)
Start importing Assets/Scripts/Game using Guid(0bbe1938380df484f94e14c023eed93f) Importer(815301076,1909f56bfc062723c751e8b465ee728b)  -> (artifact id: '1f6547c4ce1998432fae572429d795ee') in 0.018991 seconds
  Import took 0.032895 seconds .

========================================================================
Received Import Request.
  Time since last request: 0.005319 seconds.
  path: Assets/Scripts/Screens
  artifactKey: Guid(d423a7c3a4848b042beadc5b30518898) Importer(815301076,1909f56bfc062723c751e8b465ee728b)
Start importing Assets/Scripts/Screens using Guid(d423a7c3a4848b042beadc5b30518898) Importer(815301076,1909f56bfc062723c751e8b465ee728b)  -> (artifact id: '6fd46acd79c31dcd0606a66f52d2aa5e') in 0.015125 seconds
  Import took 0.028692 seconds .

========================================================================
Received Import Request.
  Time since last request: 0.018855 seconds.
  path: Assets/Scripts/Screens/AgreementScreen.cs
  artifactKey: Guid(8509737e447579c43a36b7e7a27640c2) Importer(815301076,1909f56bfc062723c751e8b465ee728b)
Start importing Assets/Scripts/Screens/AgreementScreen.cs using Guid(8509737e447579c43a36b7e7a27640c2) Importer(815301076,1909f56bfc062723c751e8b465ee728b)  -> (artifact id: 'c3283e31bc8ab54cb569e931e8d1ad72') in 0.007046 seconds
  Import took 0.057785 seconds .

========================================================================
Received Import Request.
  Time since last request: 0.088397 seconds.
  path: Assets/Scripts/Screens/GameController.cs
  artifactKey: Guid(11de4e171c510b9478472cc824e74a21) Importer(815301076,1909f56bfc062723c751e8b465ee728b)
Start importing Assets/Scripts/Screens/GameController.cs using Guid(11de4e171c510b9478472cc824e74a21) Importer(815301076,1909f56bfc062723c751e8b465ee728b)  -> (artifact id: 'f5bc2ee3ed809631d77ce1577ca08da5') in 0.007038 seconds
  Import took 0.011600 seconds .

========================================================================
Received Import Request.
  Time since last request: 0.007626 seconds.
  path: Assets/Scripts/Screens/AgreementLookScreen.cs
  artifactKey: Guid(04269b7cdd060664fb05dce38440aa28) Importer(815301076,1909f56bfc062723c751e8b465ee728b)
Start importing Assets/Scripts/Screens/AgreementLookScreen.cs using Guid(04269b7cdd060664fb05dce38440aa28) Importer(815301076,1909f56bfc062723c751e8b465ee728b)  -> (artifact id: '75b2079660a5ebd41deddf0f06c2138b') in 0.007119 seconds
  Import took 0.048592 seconds .

========================================================================
Received Import Request.
  Time since last request: 0.018184 seconds.
  path: Assets/Scripts/Screens/StartScreen.cs
  artifactKey: Guid(d5830d73c4dbf5443a53a5608da61999) Importer(815301076,1909f56bfc062723c751e8b465ee728b)
Start importing Assets/Scripts/Screens/StartScreen.cs using Guid(d5830d73c4dbf5443a53a5608da61999) Importer(815301076,1909f56bfc062723c751e8b465ee728b)  -> (artifact id: 'c90549eba47151b91beea55210a30f2d') in 0.017155 seconds
  Import took 0.027747 seconds .

========================================================================
Received Import Request.
  Time since last request: 0.019363 seconds.
  path: Assets/Scripts/Screens/GameScreen.cs
  artifactKey: Guid(4407f36952b499848af17150c4d81ca8) Importer(815301076,1909f56bfc062723c751e8b465ee728b)
Start importing Assets/Scripts/Screens/GameScreen.cs using Guid(4407f36952b499848af17150c4d81ca8) Importer(815301076,1909f56bfc062723c751e8b465ee728b)  -> (artifact id: '67c362f17fd6cabd4860b9a76f2882c6') in 0.017080 seconds
  Import took 0.027243 seconds .

========================================================================
Received Import Request.
  Time since last request: 0.028173 seconds.
  path: Assets/Scripts/Game/SlotMachine.cs
  artifactKey: Guid(8be835a3b5c7bb7409c21776e8ca298c) Importer(815301076,1909f56bfc062723c751e8b465ee728b)
Start importing Assets/Scripts/Game/SlotMachine.cs using Guid(8be835a3b5c7bb7409c21776e8ca298c) Importer(815301076,1909f56bfc062723c751e8b465ee728b)  -> (artifact id: 'e749f4dc656ac4a11cab8f667a735393') in 0.017310 seconds
  Import took 0.027904 seconds .

========================================================================
Received Import Request.
  Time since last request: 0.018030 seconds.
  path: Assets/Scripts/BaseScreen.cs
  artifactKey: Guid(7c55f787dcb5bb3469c81654a1668f33) Importer(815301076,1909f56bfc062723c751e8b465ee728b)
Start importing Assets/Scripts/BaseScreen.cs using Guid(7c55f787dcb5bb3469c81654a1668f33) Importer(815301076,1909f56bfc062723c751e8b465ee728b)  -> (artifact id: 'b7a04efa25ec497ba08a49f3c557114f') in 0.017267 seconds
  Import took 0.027356 seconds .

========================================================================
Received Import Request.
  Time since last request: 0.010817 seconds.
  path: Assets/Scripts
  artifactKey: Guid(4421cd41366eaff45831a73217622074) Importer(815301076,1909f56bfc062723c751e8b465ee728b)
Start importing Assets/Scripts using Guid(4421cd41366eaff45831a73217622074) Importer(815301076,1909f56bfc062723c751e8b465ee728b)  -> (artifact id: '3df4685daaa52a89f8eb7df64d5da3a9') in 0.028724 seconds
  Import took 0.039493 seconds .

AssetImportWorkerClient::OnTransportError - code=2 error=End of file
